[2018-05-09 19:26:51] INFO > #200: (/) - [] - {"url":"/beyoot/","ip":"::1","http_method":"GET","server":"localhost","referrer":null,"uid":"3d249fe"}
[2018-05-09 19:27:50] INFO > #200: (housing) - [] - {"url":"/beyoot/housing","ip":"::1","http_method":"GET","server":"localhost","referrer":"http://localhost/beyoot/","uid":"e638593"}
[2018-05-09 19:27:55] INFO > #200: (blogs/tourism) - [] - {"url":"/beyoot/blogs/tourism","ip":"::1","http_method":"GET","server":"localhost","referrer":"http://localhost/beyoot/housing","uid":"7f439db"}
[2018-05-09 19:29:11] INFO > #200: (admin-panel/login) - [] - {"url":"/beyoot/admin-panel/login","ip":"::1","http_method":"GET","server":"localhost","referrer":null,"uid":"3a6c4a9"}
[2018-05-09 19:29:11] WARNING > #404: (templates/backend/assets/pic/logo255.png) - [] - {"url":"/beyoot/templates/backend/assets/pic/logo255.png","ip":"::1","http_method":"GET","server":"localhost","referrer":"http://localhost/beyoot/admin-panel/login","uid":"833f738"}
[2018-05-09 19:29:13] WARNING > #404: (admin-panel/login/img/favicon.ico) - [] - {"url":"/beyoot/admin-panel/login/img/favicon.ico","ip":"::1","http_method":"GET","server":"localhost","referrer":"http://localhost/beyoot/admin-panel/login","uid":"b1d536c"}
[2018-05-09 19:29:18] INFO > #200: (admin-panel/main) - [] - {"url":"/beyoot/admin-panel/main","ip":"::1","http_method":"GET","server":"localhost","referrer":"http://localhost/beyoot/admin-panel/login","uid":"b3a725e"}
[2018-05-09 19:29:19] WARNING > #404: (admin-panel/favicon.ico) - [] - {"url":"/beyoot/admin-panel/favicon.ico","ip":"::1","http_method":"GET","server":"localhost","referrer":"http://localhost/beyoot/admin-panel/main","uid":"27bf32f"}
[2018-05-09 19:29:25] INFO > #200: (admin-panel/main/slider) - [] - {"url":"/beyoot/admin-panel/main/slider","ip":"::1","http_method":"GET","server":"localhost","referrer":"http://localhost/beyoot/admin-panel/main","uid":"119f896"}
[2018-05-09 19:29:25] WARNING > #404: (admin-panel/main/favicon.ico) - [] - {"url":"/beyoot/admin-panel/main/favicon.ico","ip":"::1","http_method":"GET","server":"localhost","referrer":"http://localhost/beyoot/admin-panel/main/slider","uid":"6fd28cf"}
[2018-05-09 19:36:51] INFO > #200: (admin-panel/main/slider) - [] - {"url":"/beyoot/admin-panel/main/slider","ip":"::1","http_method":"GET","server":"localhost","referrer":"http://localhost/beyoot/admin-panel/main","uid":"179c500"}
[2018-05-09 19:37:24] INFO > #200: (admin-panel/main/slider) - [] - {"url":"/beyoot/admin-panel/main/slider","ip":"::1","http_method":"GET","server":"localhost","referrer":"http://localhost/beyoot/admin-panel/main","uid":"93e8ad2"}
[2018-05-09 19:38:01] INFO > #200: (admin-panel/main/slider) - [] - {"url":"/beyoot/admin-panel/main/slider","ip":"::1","http_method":"GET","server":"localhost","referrer":"http://localhost/beyoot/admin-panel/main","uid":"687f306"}
[2018-05-09 19:38:06] WARNING > #404: (admin-panel/main/slider/add) - [] - {"url":"/beyoot/admin-panel/main/slider/add","ip":"::1","http_method":"GET","server":"localhost","referrer":"http://localhost/beyoot/admin-panel/main/slider","uid":"f1ce41d"}
[2018-05-09 19:39:29] INFO > #200: (admin-panel/main/slider) - [] - {"url":"/beyoot/admin-panel/main/slider","ip":"::1","http_method":"GET","server":"localhost","referrer":"http://localhost/beyoot/admin-panel/main/slider","uid":"e76458f"}
[2018-05-09 19:39:33] INFO > #200: (admin-panel/main/slider) - [] - {"url":"/beyoot/admin-panel/main/slider","ip":"::1","http_method":"GET","server":"localhost","referrer":"http://localhost/beyoot/admin-panel/main/slider","uid":"b48b64b"}
[2018-05-09 19:40:45] INFO > #200: (admin-panel/main/slider) - [] - {"url":"/beyoot/admin-panel/main/slider","ip":"::1","http_method":"GET","server":"localhost","referrer":"http://localhost/beyoot/admin-panel/main/slider","uid":"086c74b"}
[2018-05-09 19:40:46] INFO > #200: (admin-panel/main/slider/add) - [] - {"url":"/beyoot/admin-panel/main/slider/add","ip":"::1","http_method":"GET","server":"localhost","referrer":"http://localhost/beyoot/admin-panel/main/slider","uid":"eb0ba26"}
[2018-05-09 19:40:46] WARNING > #404: (admin-panel/main/slider/favicon.ico) - [] - {"url":"/beyoot/admin-panel/main/slider/favicon.ico","ip":"::1","http_method":"GET","server":"localhost","referrer":"http://localhost/beyoot/admin-panel/main/slider/add","uid":"f2583a8"}
[2018-05-09 19:55:33] INFO > #200: (admin-panel/main/slider/add) - [] - {"url":"/beyoot/admin-panel/main/slider/add","ip":"::1","http_method":"GET","server":"localhost","referrer":"http://localhost/beyoot/admin-panel/main/slider","uid":"f175472"}
[2018-05-09 20:05:30] WARNING > #404: (templates/backend/assets/global/plugins/datatables/pdfmake.min.js.map) - [] - {"url":"/beyoot/templates/backend/assets/global/plugins/datatables/pdfmake.min.js.map","ip":"::1","http_method":"GET","server":"localhost","referrer":null,"uid":"4cc4623"}
[2018-05-09 20:06:10] INFO > #200: (admin-panel/main/slider/add) - [] - {"url":"/beyoot/admin-panel/main/slider/add","ip":"::1","http_method":"GET","server":"localhost","referrer":"http://localhost/beyoot/admin-panel/main/slider","uid":"07225ea"}
[2018-05-09 20:06:16] INFO > #200: (admin-panel/main/slider) - [] - {"url":"/beyoot/admin-panel/main/slider","ip":"::1","http_method":"GET","server":"localhost","referrer":"http://localhost/beyoot/admin-panel/main/slider/add","uid":"231e326"}
[2018-05-09 20:06:18] INFO > #200: (admin-panel/main/slider/show/4) - [] - {"url":"/beyoot/admin-panel/main/slider/show/4","ip":"::1","http_method":"GET","server":"localhost","referrer":"http://localhost/beyoot/admin-panel/main/slider","uid":"4b9e04d"}
[2018-05-09 20:06:18] INFO > #200: (admin-panel/main/slider) - [] - {"url":"/beyoot/admin-panel/main/slider","ip":"::1","http_method":"GET","server":"localhost","referrer":"http://localhost/beyoot/admin-panel/main/slider/show/4","uid":"5f1b94c"}
[2018-05-09 20:06:20] INFO > #200: (admin-panel/main/slider) - [] - {"url":"/beyoot/admin-panel/main/slider","ip":"::1","http_method":"GET","server":"localhost","referrer":"http://localhost/beyoot/admin-panel/main/slider/add","uid":"9d3efd4"}
[2018-05-09 20:06:23] INFO > #200: (admin-panel/main/slider/show/2) - [] - {"url":"/beyoot/admin-panel/main/slider/show/2","ip":"::1","http_method":"GET","server":"localhost","referrer":"http://localhost/beyoot/admin-panel/main/slider","uid":"647738f"}
[2018-05-09 20:06:24] INFO > #200: (admin-panel/main/slider) - [] - {"url":"/beyoot/admin-panel/main/slider","ip":"::1","http_method":"GET","server":"localhost","referrer":"http://localhost/beyoot/admin-panel/main/slider/show/2","uid":"6be3752"}
[2018-05-09 20:06:25] INFO > #200: (admin-panel/main/slider) - [] - {"url":"/beyoot/admin-panel/main/slider","ip":"::1","http_method":"GET","server":"localhost","referrer":"http://localhost/beyoot/admin-panel/main/slider/add","uid":"83cf767"}
[2018-05-09 20:06:26] INFO > #200: (admin-panel/main/slider/show/4) - [] - {"url":"/beyoot/admin-panel/main/slider/show/4","ip":"::1","http_method":"GET","server":"localhost","referrer":"http://localhost/beyoot/admin-panel/main/slider","uid":"555c36c"}
[2018-05-09 20:06:26] INFO > #200: (admin-panel/main/slider) - [] - {"url":"/beyoot/admin-panel/main/slider","ip":"::1","http_method":"GET","server":"localhost","referrer":"http://localhost/beyoot/admin-panel/main/slider/show/4","uid":"75afae5"}
[2018-05-09 20:07:45] INFO > #200: (admin-panel/main/slider) - [] - {"url":"/beyoot/admin-panel/main/slider","ip":"::1","http_method":"GET","server":"localhost","referrer":"http://localhost/beyoot/admin-panel/main/slider/add","uid":"4a0ceeb"}
[2018-05-09 20:07:46] INFO > #200: (admin-panel/main/slider/add) - [] - {"url":"/beyoot/admin-panel/main/slider/add","ip":"::1","http_method":"GET","server":"localhost","referrer":"http://localhost/beyoot/admin-panel/main/slider","uid":"34cdd7d"}
[2018-05-09 20:09:21] INFO > #200: (admin-panel/main/slider) - [] - {"url":"/beyoot/admin-panel/main/slider","ip":"::1","http_method":"GET","server":"localhost","referrer":"http://localhost/beyoot/admin-panel/main/slider/add","uid":"b91ddd4"}
[2018-05-09 20:09:23] INFO > #200: (admin-panel/main/slider/show/5) - [] - {"url":"/beyoot/admin-panel/main/slider/show/5","ip":"::1","http_method":"GET","server":"localhost","referrer":"http://localhost/beyoot/admin-panel/main/slider","uid":"fca49ad"}
[2018-05-09 20:09:23] INFO > #200: (admin-panel/main/slider) - [] - {"url":"/beyoot/admin-panel/main/slider","ip":"::1","http_method":"GET","server":"localhost","referrer":"http://localhost/beyoot/admin-panel/main/slider/show/5","uid":"3862db7"}
[2018-05-09 20:09:34] INFO > #200: (admin-panel/main) - [] - {"url":"/beyoot/admin-panel/main","ip":"::1","http_method":"GET","server":"localhost","referrer":null,"uid":"fa23d13"}
[2018-05-09 20:09:37] INFO > #200: (/) - [] - {"url":"/beyoot/","ip":"::1","http_method":"GET","server":"localhost","referrer":null,"uid":"4ecce2c"}
[2018-05-09 20:09:59] WARNING > #404: (templates/frontend/assets/js/jquery.min.map) - [] - {"url":"/beyoot/templates/frontend/assets/js/jquery.min.map","ip":"::1","http_method":"GET","server":"localhost","referrer":null,"uid":"c36032e"}
[2018-05-09 20:09:59] WARNING > #404: (templates/frontend/assets/css/bootstrap.min.css.map) - [] - {"url":"/beyoot/templates/frontend/assets/css/bootstrap.min.css.map","ip":"::1","http_method":"GET","server":"localhost","referrer":null,"uid":"6499b94"}
[2018-05-09 20:10:30] INFO > #200: (admin-panel/main/slider) - [] - {"url":"/beyoot/admin-panel/main/slider","ip":"::1","http_method":"GET","server":"localhost","referrer":"http://localhost/beyoot/admin-panel/main/slider/add","uid":"715e6c5"}
[2018-05-09 20:13:10] INFO > #200: (admin-panel/main/slider) - [] - {"url":"/beyoot/admin-panel/main/slider","ip":"::1","http_method":"GET","server":"localhost","referrer":"http://localhost/beyoot/admin-panel/main/slider/add","uid":"f772494"}
[2018-05-09 20:13:12] INFO > #200: (admin-panel/main/slider) - [] - {"url":"/beyoot/admin-panel/main/slider","ip":"::1","http_method":"GET","server":"localhost","referrer":null,"uid":"3a79f67"}
[2018-05-09 20:13:20] INFO > #200: (admin-panel/main/slider) - [] - {"url":"/beyoot/admin-panel/main/slider","ip":"::1","http_method":"GET","server":"localhost","referrer":null,"uid":"e6a2954"}
[2018-05-09 20:13:22] INFO > #200: (admin-panel/main/slider) - [] - {"url":"/beyoot/admin-panel/main/slider","ip":"::1","http_method":"GET","server":"localhost","referrer":"http://localhost/beyoot/admin-panel/main/slider/add","uid":"3a0693d"}
[2018-05-09 20:14:25] INFO > #200: (admin-panel/main/slider) - [] - {"url":"/beyoot/admin-panel/main/slider","ip":"::1","http_method":"GET","server":"localhost","referrer":"http://localhost/beyoot/admin-panel/main/slider/add","uid":"9aface2"}
[2018-05-09 20:14:56] INFO > #200: (admin-panel/main/slider/edit/1) - [] - {"url":"/beyoot/admin-panel/main/slider/edit/1","ip":"::1","http_method":"GET","server":"localhost","referrer":"http://localhost/beyoot/admin-panel/main/slider","uid":"2d42771"}
[2018-05-09 20:14:57] INFO > #200: (admin-panel/main/slider) - [] - {"url":"/beyoot/admin-panel/main/slider","ip":"::1","http_method":"GET","server":"localhost","referrer":"http://localhost/beyoot/admin-panel/main/slider/edit/1","uid":"7510fde"}
[2018-05-09 20:15:03] WARNING > #404: (admin-panel/main/slider/%D8%B9%D8%AD%D9%8A%D8%B4%D9%81%D8%AB/1) - [] - {"url":"/beyoot/admin-panel/main/slider/%D8%B9%D8%AD%D9%8A%D8%B4%D9%81%D8%AB/1","ip":"::1","http_method":"GET","server":"localhost","referrer":null,"uid":"41f1a31"}
[2018-05-09 20:15:08] WARNING > #405: (admin-panel/main/slider/update/1) - [] - {"url":"/beyoot/admin-panel/main/slider/update/1","ip":"::1","http_method":"GET","server":"localhost","referrer":null,"uid":"c191441"}
[2018-05-09 20:15:38] WARNING > #404: (admin-panel/main/slider/%D8%B9%D8%AD%D9%8A%D8%B4%D9%81%D8%AB/1) - [] - {"url":"/beyoot/admin-panel/main/slider/%D8%B9%D8%AD%D9%8A%D8%B4%D9%81%D8%AB/1","ip":"::1","http_method":"GET","server":"localhost","referrer":null,"uid":"ff522c2"}
[2018-05-09 20:15:40] INFO > #200: (admin-panel/main/slider/edit/1) - [] - {"url":"/beyoot/admin-panel/main/slider/edit/1","ip":"::1","http_method":"GET","server":"localhost","referrer":"http://localhost/beyoot/admin-panel/main/slider","uid":"6b5e6f0"}
[2018-05-09 20:15:40] INFO > #200: (admin-panel/main/slider) - [] - {"url":"/beyoot/admin-panel/main/slider","ip":"::1","http_method":"GET","server":"localhost","referrer":"http://localhost/beyoot/admin-panel/main/slider/edit/1","uid":"df9b934"}
[2018-05-09 20:15:42] INFO > #200: (admin-panel/main/slider) - [] - {"url":"/beyoot/admin-panel/main/slider","ip":"::1","http_method":"GET","server":"localhost","referrer":"http://localhost/beyoot/admin-panel/main/slider/edit/1","uid":"6018450"}
[2018-05-09 20:15:44] INFO > #200: (admin-panel/main/slider) - [] - {"url":"/beyoot/admin-panel/main/slider","ip":"::1","http_method":"GET","server":"localhost","referrer":"http://localhost/beyoot/admin-panel/main/slider/edit/1","uid":"b58b0fb"}
[2018-05-09 20:16:04] WARNING > #404: (templates/backend/assets/global/plugins/datatables/pdfmake.min.js.map) - [] - {"url":"/beyoot/templates/backend/assets/global/plugins/datatables/pdfmake.min.js.map","ip":"::1","http_method":"GET","server":"localhost","referrer":null,"uid":"ce37ed9"}
[2018-05-09 20:21:04] INFO > #200: (admin-panel/main/slider) - [] - {"url":"/beyoot/admin-panel/main/slider","ip":"::1","http_method":"GET","server":"localhost","referrer":"http://localhost/beyoot/admin-panel/main/slider/edit/1","uid":"773fa34"}
[2018-05-09 20:21:08] INFO > #200: (admin-panel/main/slider) - [] - {"url":"/beyoot/admin-panel/main/slider","ip":"::1","http_method":"GET","server":"localhost","referrer":"http://localhost/beyoot/admin-panel/main/slider","uid":"771db15"}
[2018-05-09 20:21:20] INFO > #200: (/) - [] - {"url":"/beyoot/","ip":"::1","http_method":"GET","server":"localhost","referrer":null,"uid":"2b3250d"}
[2018-05-09 20:21:42] INFO > #200: (housing) - [] - {"url":"/beyoot/housing","ip":"::1","http_method":"GET","server":"localhost","referrer":"http://localhost/beyoot/","uid":"0b3d634"}
[2018-05-09 20:21:44] INFO > #200: (housing/details/1) - [] - {"url":"/beyoot/housing/details/1","ip":"::1","http_method":"GET","server":"localhost","referrer":"http://localhost/beyoot/housing","uid":"2d27077"}
[2018-05-09 20:21:44] WARNING > #404: (uploads/img/thumbs/26-04-2018-b26afc9-1499535840.3220503.jpg) - [] - {"url":"/beyoot/uploads/img/thumbs/26-04-2018-b26afc9-1499535840.3220503.jpg","ip":"::1","http_method":"GET","server":"localhost","referrer":"http://localhost/beyoot/housing/details/1","uid":"a089eed"}
[2018-05-09 20:21:44] WARNING > #404: (uploads/img/thumbs/26-04-2018-c442037-bosnia-tourism.jpg) - [] - {"url":"/beyoot/uploads/img/thumbs/26-04-2018-c442037-bosnia-tourism.jpg","ip":"::1","http_method":"GET","server":"localhost","referrer":"http://localhost/beyoot/housing/details/1","uid":"7fc6d01"}
[2018-05-09 20:21:44] WARNING > #404: (uploads/img/thumbs/26-04-2018-6f373db-desc.png) - [] - {"url":"/beyoot/uploads/img/thumbs/26-04-2018-6f373db-desc.png","ip":"::1","http_method":"GET","server":"localhost","referrer":"http://localhost/beyoot/housing/details/1","uid":"ce1a53c"}
[2018-05-09 20:21:44] WARNING > #404: (uploads/img/thumbs/26-04-2018-f127e19-desc2.png) - [] - {"url":"/beyoot/uploads/img/thumbs/26-04-2018-f127e19-desc2.png","ip":"::1","http_method":"GET","server":"localhost","referrer":"http://localhost/beyoot/housing/details/1","uid":"0f683c7"}
[2018-05-09 20:21:44] WARNING > #404: (uploads/img/thumbs/26-04-2018-5a72122-image.png) - [] - {"url":"/beyoot/uploads/img/thumbs/26-04-2018-5a72122-image.png","ip":"::1","http_method":"GET","server":"localhost","referrer":"http://localhost/beyoot/housing/details/1","uid":"8bc4b6e"}
[2018-05-09 20:21:44] WARNING > #404: (uploads/img/thumbs/26-04-2018-7f68505-image1.png) - [] - {"url":"/beyoot/uploads/img/thumbs/26-04-2018-7f68505-image1.png","ip":"::1","http_method":"GET","server":"localhost","referrer":"http://localhost/beyoot/housing/details/1","uid":"9b22bbc"}
[2018-05-09 20:21:45] WARNING > #404: (uploads/img/thumbs/26-04-2018-a27a169-image3.png) - [] - {"url":"/beyoot/uploads/img/thumbs/26-04-2018-a27a169-image3.png","ip":"::1","http_method":"GET","server":"localhost","referrer":"http://localhost/beyoot/housing/details/1","uid":"4c76366"}
[2018-05-09 20:21:45] WARNING > #404: (uploads/img/thumbs/26-04-2018-a3f2012-image4.png) - [] - {"url":"/beyoot/uploads/img/thumbs/26-04-2018-a3f2012-image4.png","ip":"::1","http_method":"GET","server":"localhost","referrer":"http://localhost/beyoot/housing/details/1","uid":"10a1843"}
[2018-05-09 20:21:45] WARNING > #404: (uploads/img/thumbs/26-04-2018-8b8221e-image5.png) - [] - {"url":"/beyoot/uploads/img/thumbs/26-04-2018-8b8221e-image5.png","ip":"::1","http_method":"GET","server":"localhost","referrer":"http://localhost/beyoot/housing/details/1","uid":"9079e44"}
[2018-05-09 20:21:45] WARNING > #404: (uploads/img/thumbs/26-04-2018-8ea5938-project2.png) - [] - {"url":"/beyoot/uploads/img/thumbs/26-04-2018-8ea5938-project2.png","ip":"::1","http_method":"GET","server":"localhost","referrer":"http://localhost/beyoot/housing/details/1","uid":"a49eca8"}
[2018-05-09 20:21:45] WARNING > #404: (uploads/img/thumbs/26-04-2018-ec5988a-image2.png) - [] - {"url":"/beyoot/uploads/img/thumbs/26-04-2018-ec5988a-image2.png","ip":"::1","http_method":"GET","server":"localhost","referrer":"http://localhost/beyoot/housing/details/1","uid":"98a242f"}
[2018-05-09 20:21:45] WARNING > #404: (uploads/img/thumbs/26-04-2018-8b73334-project3.png) - [] - {"url":"/beyoot/uploads/img/thumbs/26-04-2018-8b73334-project3.png","ip":"::1","http_method":"GET","server":"localhost","referrer":"http://localhost/beyoot/housing/details/1","uid":"ae75b56"}
[2018-05-09 20:21:45] WARNING > #404: (uploads/img/thumbs/26-04-2018-e424c7f-rainbow.jpg) - [] - {"url":"/beyoot/uploads/img/thumbs/26-04-2018-e424c7f-rainbow.jpg","ip":"::1","http_method":"GET","server":"localhost","referrer":"http://localhost/beyoot/housing/details/1","uid":"39c5101"}
[2018-05-09 20:21:52] WARNING > #404: (templates/frontend/assets/js/jquery.min.map) - [] - {"url":"/beyoot/templates/frontend/assets/js/jquery.min.map","ip":"::1","http_method":"GET","server":"localhost","referrer":null,"uid":"a615b06"}
[2018-05-09 20:21:53] WARNING > #404: (templates/frontend/assets/css/bootstrap.min.css.map) - [] - {"url":"/beyoot/templates/frontend/assets/css/bootstrap.min.css.map","ip":"::1","http_method":"GET","server":"localhost","referrer":null,"uid":"d6d73ce"}
[2018-05-09 20:21:59] INFO > #200: (housing/details/17) - [] - {"url":"/beyoot/housing/details/17","ip":"::1","http_method":"GET","server":"localhost","referrer":null,"uid":"791e17e"}
[2018-05-09 20:22:00] WARNING > #404: (templates/frontend/assets/js/jquery.min.map) - [] - {"url":"/beyoot/templates/frontend/assets/js/jquery.min.map","ip":"::1","http_method":"GET","server":"localhost","referrer":null,"uid":"44f119c"}
[2018-05-09 20:22:00] WARNING > #404: (templates/frontend/assets/css/bootstrap.min.css.map) - [] - {"url":"/beyoot/templates/frontend/assets/css/bootstrap.min.css.map","ip":"::1","http_method":"GET","server":"localhost","referrer":null,"uid":"c72d9e9"}
[2018-05-09 20:22:10] INFO > #200: (contact/send) - [] - {"url":"/beyoot/contact/send","ip":"::1","http_method":"POST","server":"localhost","referrer":"http://localhost/beyoot/housing/details/17","uid":"dc4995f"}
[2018-05-09 20:22:29] INFO > #200: (housing) - [] - {"url":"/beyoot/housing","ip":"::1","http_method":"GET","server":"localhost","referrer":"http://localhost/beyoot/housing/details/17","uid":"53571ef"}
[2018-05-09 20:22:29] WARNING > #404: (templates/frontend/assets/css/bootstrap.min.css.map) - [] - {"url":"/beyoot/templates/frontend/assets/css/bootstrap.min.css.map","ip":"::1","http_method":"GET","server":"localhost","referrer":null,"uid":"7001683"}
[2018-05-09 20:22:30] WARNING > #404: (templates/frontend/assets/js/jquery.min.map) - [] - {"url":"/beyoot/templates/frontend/assets/js/jquery.min.map","ip":"::1","http_method":"GET","server":"localhost","referrer":null,"uid":"6fe47ed"}
[2018-05-09 20:22:30] INFO > #200: (projects) - [] - {"url":"/beyoot/projects","ip":"::1","http_method":"GET","server":"localhost","referrer":"http://localhost/beyoot/housing","uid":"8fbc28c"}
[2018-05-09 20:22:31] WARNING > #404: (templates/frontend/assets/css/bootstrap.min.css.map) - [] - {"url":"/beyoot/templates/frontend/assets/css/bootstrap.min.css.map","ip":"::1","http_method":"GET","server":"localhost","referrer":null,"uid":"49b8de5"}
[2018-05-09 20:22:31] WARNING > #404: (templates/frontend/assets/js/jquery.min.map) - [] - {"url":"/beyoot/templates/frontend/assets/js/jquery.min.map","ip":"::1","http_method":"GET","server":"localhost","referrer":null,"uid":"f5cb282"}
[2018-05-09 20:24:38] INFO > #200: (blogs/tourism) - [] - {"url":"/beyoot/blogs/tourism","ip":"::1","http_method":"GET","server":"localhost","referrer":"http://localhost/beyoot/projects","uid":"38cc26f"}
[2018-05-09 20:24:39] WARNING > #404: (templates/frontend/assets/css/bootstrap.min.css.map) - [] - {"url":"/beyoot/templates/frontend/assets/css/bootstrap.min.css.map","ip":"::1","http_method":"GET","server":"localhost","referrer":null,"uid":"9377f68"}
[2018-05-09 20:24:39] WARNING > #404: (templates/frontend/assets/js/jquery.min.map) - [] - {"url":"/beyoot/templates/frontend/assets/js/jquery.min.map","ip":"::1","http_method":"GET","server":"localhost","referrer":null,"uid":"6a1c66f"}
[2018-05-09 20:24:48] INFO > #200: (housing) - [] - {"url":"/beyoot/housing","ip":"::1","http_method":"GET","server":"localhost","referrer":"http://localhost/beyoot/blogs/tourism","uid":"1a3c969"}
[2018-05-09 20:25:24] INFO > #200: (admin-panel/housing) - [] - {"url":"/beyoot/admin-panel/housing","ip":"::1","http_method":"GET","server":"localhost","referrer":"http://localhost/beyoot/admin-panel/main/slider","uid":"43562cc"}
[2018-05-09 20:38:16] INFO > #200: (apis/users/getfav) - [] - {"url":"/beyoot/apis/users/getfav","ip":"::1","http_method":"POST","server":"localhost","referrer":null,"uid":"adf928c"}
[2018-05-09 20:41:00] WARNING > #404: (public/apis/users/getfav) - [] - {"url":"/beyoot/public/apis/users/getfav","ip":"::1","http_method":"POST","server":"localhost","referrer":null,"uid":"e7ddede"}
[2018-05-09 20:41:07] INFO > #200: (apis/users/getfav) - [] - {"url":"/beyoot/apis/users/getfav","ip":"::1","http_method":"POST","server":"localhost","referrer":null,"uid":"e78cec5"}
[2018-05-09 20:41:31] WARNING > #400: (apis/users/getfav) - [] - {"url":"/beyoot/apis/users/getfav","ip":"::1","http_method":"POST","server":"localhost","referrer":null,"uid":"30459c8"}
[2018-05-09 20:45:24] INFO > #200: (admin-panel/housing/add) - [] - {"url":"/beyoot/admin-panel/housing/add","ip":"::1","http_method":"GET","server":"localhost","referrer":"http://localhost/beyoot/admin-panel/housing","uid":"a32e4de"}
[2018-05-09 20:45:26] WARNING > #404: (admin-panel/housing/favicon.ico) - [] - {"url":"/beyoot/admin-panel/housing/favicon.ico","ip":"::1","http_method":"GET","server":"localhost","referrer":"http://localhost/beyoot/admin-panel/housing/add","uid":"c24a94c"}
[2018-05-09 20:48:21] INFO > #200: (blogs/tourism) - [] - {"url":"/beyoot/blogs/tourism","ip":"::1","http_method":"GET","server":"localhost","referrer":"http://localhost/beyoot/housing","uid":"12f71f2"}
[2018-05-09 20:48:23] INFO > #200: (blogs/news/6) - [] - {"url":"/beyoot/blogs/news/6","ip":"::1","http_method":"GET","server":"localhost","referrer":"http://localhost/beyoot/blogs/tourism","uid":"9c47ba9"}
[2018-05-09 20:48:27] INFO > #200: (blogs/news/1) - [] - {"url":"/beyoot/blogs/news/1","ip":"::1","http_method":"GET","server":"localhost","referrer":null,"uid":"d5b5749"}
[2018-05-09 20:49:17] WARNING > #404: (templates/frontend/assets/js/jquery.min.map) - [] - {"url":"/beyoot/templates/frontend/assets/js/jquery.min.map","ip":"::1","http_method":"GET","server":"localhost","referrer":null,"uid":"13d3d5f"}
[2018-05-09 20:49:17] WARNING > #404: (templates/frontend/assets/css/bootstrap.min.css.map) - [] - {"url":"/beyoot/templates/frontend/assets/css/bootstrap.min.css.map","ip":"::1","http_method":"GET","server":"localhost","referrer":null,"uid":"9d1da71"}
[2018-05-09 20:52:32] INFO > #200: (blogs/tourism) - [] - {"url":"/beyoot/blogs/tourism","ip":"::1","http_method":"GET","server":"localhost","referrer":"http://localhost/beyoot/blogs/news/1","uid":"6072d46"}
[2018-05-09 20:52:33] WARNING > #404: (templates/frontend/assets/fonts/DIN-NEXT%C3%A2%E2%80%9E%C2%A2-ARABIC-BOLD.otf) - [] - {"url":"/beyoot/templates/frontend/assets/fonts/DIN-NEXT%C3%A2%E2%80%9E%C2%A2-ARABIC-BOLD.otf","ip":"::1","http_method":"GET","server":"localhost","referrer":"http://localhost/beyoot/templates/frontend/assets/css/main.css","uid":"37157f9"}
[2018-05-09 20:52:35] INFO > #200: (blogs/business) - [] - {"url":"/beyoot/blogs/business","ip":"::1","http_method":"GET","server":"localhost","referrer":"http://localhost/beyoot/blogs/tourism","uid":"2823aff"}
[2018-05-09 20:52:36] INFO > #200: (blogs/tourism) - [] - {"url":"/beyoot/blogs/tourism","ip":"::1","http_method":"GET","server":"localhost","referrer":"http://localhost/beyoot/blogs/business","uid":"55f867e"}
[2018-05-09 20:52:51] INFO > #200: (blogs/load) - [] - {"url":"/beyoot/blogs/load","ip":"::1","http_method":"POST","server":"localhost","referrer":"http://localhost/beyoot/blogs/tourism","uid":"3add07c"}
[2018-05-09 21:04:30] INFO > #200: (housing) - [] - {"url":"/beyoot/housing","ip":"::1","http_method":"GET","server":"localhost","referrer":"http://localhost/beyoot/blogs/tourism","uid":"635750d"}
[2018-05-09 21:04:33] INFO > #200: (housing/details/1) - [] - {"url":"/beyoot/housing/details/1","ip":"::1","http_method":"GET","server":"localhost","referrer":"http://localhost/beyoot/housing","uid":"20a5375"}
[2018-05-09 21:04:33] WARNING > #404: (uploads/img/thumbs/26-04-2018-b26afc9-1499535840.3220503.jpg) - [] - {"url":"/beyoot/uploads/img/thumbs/26-04-2018-b26afc9-1499535840.3220503.jpg","ip":"::1","http_method":"GET","server":"localhost","referrer":"http://localhost/beyoot/housing/details/1","uid":"4d87046"}
[2018-05-09 21:04:33] WARNING > #404: (uploads/img/thumbs/26-04-2018-c442037-bosnia-tourism.jpg) - [] - {"url":"/beyoot/uploads/img/thumbs/26-04-2018-c442037-bosnia-tourism.jpg","ip":"::1","http_method":"GET","server":"localhost","referrer":"http://localhost/beyoot/housing/details/1","uid":"15c3911"}
[2018-05-09 21:04:33] WARNING > #404: (uploads/img/thumbs/26-04-2018-6f373db-desc.png) - [] - {"url":"/beyoot/uploads/img/thumbs/26-04-2018-6f373db-desc.png","ip":"::1","http_method":"GET","server":"localhost","referrer":"http://localhost/beyoot/housing/details/1","uid":"07c3d6a"}
[2018-05-09 21:04:33] WARNING > #404: (uploads/img/thumbs/26-04-2018-f127e19-desc2.png) - [] - {"url":"/beyoot/uploads/img/thumbs/26-04-2018-f127e19-desc2.png","ip":"::1","http_method":"GET","server":"localhost","referrer":"http://localhost/beyoot/housing/details/1","uid":"ad4082d"}
[2018-05-09 21:04:33] WARNING > #404: (uploads/img/thumbs/26-04-2018-5a72122-image.png) - [] - {"url":"/beyoot/uploads/img/thumbs/26-04-2018-5a72122-image.png","ip":"::1","http_method":"GET","server":"localhost","referrer":"http://localhost/beyoot/housing/details/1","uid":"32f8513"}
[2018-05-09 21:04:33] WARNING > #404: (uploads/img/thumbs/26-04-2018-7f68505-image1.png) - [] - {"url":"/beyoot/uploads/img/thumbs/26-04-2018-7f68505-image1.png","ip":"::1","http_method":"GET","server":"localhost","referrer":"http://localhost/beyoot/housing/details/1","uid":"b182147"}
[2018-05-09 21:04:33] WARNING > #404: (uploads/img/thumbs/26-04-2018-a27a169-image3.png) - [] - {"url":"/beyoot/uploads/img/thumbs/26-04-2018-a27a169-image3.png","ip":"::1","http_method":"GET","server":"localhost","referrer":"http://localhost/beyoot/housing/details/1","uid":"f694b52"}
[2018-05-09 21:04:33] WARNING > #404: (uploads/img/thumbs/26-04-2018-ec5988a-image2.png) - [] - {"url":"/beyoot/uploads/img/thumbs/26-04-2018-ec5988a-image2.png","ip":"::1","http_method":"GET","server":"localhost","referrer":"http://localhost/beyoot/housing/details/1","uid":"e96ff40"}
[2018-05-09 21:04:33] WARNING > #404: (uploads/img/thumbs/26-04-2018-a3f2012-image4.png) - [] - {"url":"/beyoot/uploads/img/thumbs/26-04-2018-a3f2012-image4.png","ip":"::1","http_method":"GET","server":"localhost","referrer":"http://localhost/beyoot/housing/details/1","uid":"9ccb2b8"}
[2018-05-09 21:04:33] WARNING > #404: (uploads/img/thumbs/26-04-2018-8b8221e-image5.png) - [] - {"url":"/beyoot/uploads/img/thumbs/26-04-2018-8b8221e-image5.png","ip":"::1","http_method":"GET","server":"localhost","referrer":"http://localhost/beyoot/housing/details/1","uid":"88eb919"}
[2018-05-09 21:04:33] WARNING > #404: (uploads/img/thumbs/26-04-2018-8ea5938-project2.png) - [] - {"url":"/beyoot/uploads/img/thumbs/26-04-2018-8ea5938-project2.png","ip":"::1","http_method":"GET","server":"localhost","referrer":"http://localhost/beyoot/housing/details/1","uid":"3f1ad6b"}
[2018-05-09 21:04:33] WARNING > #404: (uploads/img/thumbs/26-04-2018-8b73334-project3.png) - [] - {"url":"/beyoot/uploads/img/thumbs/26-04-2018-8b73334-project3.png","ip":"::1","http_method":"GET","server":"localhost","referrer":"http://localhost/beyoot/housing/details/1","uid":"9867c3a"}
[2018-05-09 21:04:33] WARNING > #404: (uploads/img/thumbs/26-04-2018-e424c7f-rainbow.jpg) - [] - {"url":"/beyoot/uploads/img/thumbs/26-04-2018-e424c7f-rainbow.jpg","ip":"::1","http_method":"GET","server":"localhost","referrer":"http://localhost/beyoot/housing/details/1","uid":"62afe2f"}
[2018-05-09 21:04:39] INFO > #200: (contact/send) - [] - {"url":"/beyoot/contact/send","ip":"::1","http_method":"POST","server":"localhost","referrer":"http://localhost/beyoot/housing/details/1","uid":"2d7a783"}
[2018-05-09 21:05:06] WARNING > #404: (templates/frontend/assets/js/jquery.min.map) - [] - {"url":"/beyoot/templates/frontend/assets/js/jquery.min.map","ip":"::1","http_method":"GET","server":"localhost","referrer":null,"uid":"94bd845"}
[2018-05-09 21:05:06] WARNING > #404: (templates/frontend/assets/css/bootstrap.min.css.map) - [] - {"url":"/beyoot/templates/frontend/assets/css/bootstrap.min.css.map","ip":"::1","http_method":"GET","server":"localhost","referrer":null,"uid":"76a0c8b"}
[2018-05-09 21:05:09] INFO > #200: (projects) - [] - {"url":"/beyoot/projects","ip":"::1","http_method":"GET","server":"localhost","referrer":"http://localhost/beyoot/housing/details/1","uid":"91ad3ee"}
[2018-05-09 21:05:10] WARNING > #404: (templates/frontend/assets/css/bootstrap.min.css.map) - [] - {"url":"/beyoot/templates/frontend/assets/css/bootstrap.min.css.map","ip":"::1","http_method":"GET","server":"localhost","referrer":null,"uid":"3256354"}
[2018-05-09 21:05:10] WARNING > #404: (templates/frontend/assets/js/jquery.min.map) - [] - {"url":"/beyoot/templates/frontend/assets/js/jquery.min.map","ip":"::1","http_method":"GET","server":"localhost","referrer":null,"uid":"49cd927"}
[2018-05-09 21:08:26] INFO > #200: (projects) - [] - {"url":"/beyoot/projects","ip":"::1","http_method":"GET","server":"localhost","referrer":"http://localhost/beyoot/housing/details/1","uid":"a8909f3"}
[2018-05-09 21:08:45] WARNING > #404: (templates/frontend/assets/js/jquery.min.map) - [] - {"url":"/beyoot/templates/frontend/assets/js/jquery.min.map","ip":"::1","http_method":"GET","server":"localhost","referrer":null,"uid":"e0573c3"}
[2018-05-09 21:08:45] WARNING > #404: (templates/frontend/assets/css/bootstrap.min.css.map) - [] - {"url":"/beyoot/templates/frontend/assets/css/bootstrap.min.css.map","ip":"::1","http_method":"GET","server":"localhost","referrer":null,"uid":"3733344"}
[2018-05-09 21:09:07] INFO > #200: (projects) - [] - {"url":"/beyoot/projects","ip":"::1","http_method":"GET","server":"localhost","referrer":"http://localhost/beyoot/housing/details/1","uid":"53ce181"}
[2018-05-09 21:09:09] WARNING > #404: (templates/frontend/assets/js/jquery.min.map) - [] - {"url":"/beyoot/templates/frontend/assets/js/jquery.min.map","ip":"::1","http_method":"GET","server":"localhost","referrer":null,"uid":"1b35efc"}
[2018-05-09 21:09:09] WARNING > #404: (templates/frontend/assets/css/bootstrap.min.css.map) - [] - {"url":"/beyoot/templates/frontend/assets/css/bootstrap.min.css.map","ip":"::1","http_method":"GET","server":"localhost","referrer":null,"uid":"02450da"}
[2018-05-09 21:11:12] INFO > #200: (projects) - [] - {"url":"/beyoot/projects","ip":"::1","http_method":"GET","server":"localhost","referrer":"http://localhost/beyoot/housing/details/1","uid":"275831d"}
[2018-05-09 21:11:13] WARNING > #404: (templates/frontend/assets/css/bootstrap.min.css.map) - [] - {"url":"/beyoot/templates/frontend/assets/css/bootstrap.min.css.map","ip":"::1","http_method":"GET","server":"localhost","referrer":null,"uid":"9242061"}
[2018-05-09 21:11:13] WARNING > #404: (templates/frontend/assets/js/jquery.min.map) - [] - {"url":"/beyoot/templates/frontend/assets/js/jquery.min.map","ip":"::1","http_method":"GET","server":"localhost","referrer":null,"uid":"2e2a4a4"}
[2018-05-09 21:11:14] INFO > #200: (projects) - [] - {"url":"/beyoot/projects","ip":"::1","http_method":"GET","server":"localhost","referrer":"http://localhost/beyoot/housing/details/1","uid":"af5cf1d"}
[2018-05-09 21:11:15] WARNING > #404: (templates/frontend/assets/css/bootstrap.min.css.map) - [] - {"url":"/beyoot/templates/frontend/assets/css/bootstrap.min.css.map","ip":"::1","http_method":"GET","server":"localhost","referrer":null,"uid":"eecbb72"}
[2018-05-09 21:11:15] WARNING > #404: (templates/frontend/assets/js/jquery.min.map) - [] - {"url":"/beyoot/templates/frontend/assets/js/jquery.min.map","ip":"::1","http_method":"GET","server":"localhost","referrer":null,"uid":"3e1ba79"}
[2018-05-09 21:11:15] INFO > #200: (projects) - [] - {"url":"/beyoot/projects","ip":"::1","http_method":"GET","server":"localhost","referrer":"http://localhost/beyoot/housing/details/1","uid":"fc97c5c"}
[2018-05-09 21:11:17] WARNING > #404: (templates/frontend/assets/css/bootstrap.min.css.map) - [] - {"url":"/beyoot/templates/frontend/assets/css/bootstrap.min.css.map","ip":"::1","http_method":"GET","server":"localhost","referrer":null,"uid":"ec1b49d"}
[2018-05-09 21:11:18] WARNING > #404: (templates/frontend/assets/js/jquery.min.map) - [] - {"url":"/beyoot/templates/frontend/assets/js/jquery.min.map","ip":"::1","http_method":"GET","server":"localhost","referrer":null,"uid":"72036ad"}
[2018-05-09 21:12:41] INFO > #200: (projects) - [] - {"url":"/beyoot/projects","ip":"::1","http_method":"GET","server":"localhost","referrer":"http://localhost/beyoot/housing/details/1","uid":"6bca5de"}
[2018-05-09 21:12:44] WARNING > #404: (templates/frontend/assets/js/jquery.min.map) - [] - {"url":"/beyoot/templates/frontend/assets/js/jquery.min.map","ip":"::1","http_method":"GET","server":"localhost","referrer":null,"uid":"3cad5e0"}
[2018-05-09 21:12:44] WARNING > #404: (templates/frontend/assets/css/bootstrap.min.css.map) - [] - {"url":"/beyoot/templates/frontend/assets/css/bootstrap.min.css.map","ip":"::1","http_method":"GET","server":"localhost","referrer":null,"uid":"fecddd0"}
[2018-05-09 21:12:48] INFO > #200: (projects) - [] - {"url":"/beyoot/projects","ip":"::1","http_method":"GET","server":"localhost","referrer":null,"uid":"8fc37e4"}
[2018-05-09 21:13:10] INFO > #200: (housing) - [] - {"url":"/beyoot/housing","ip":"::1","http_method":"GET","server":"localhost","referrer":"http://localhost/beyoot/projects","uid":"1f659bf"}
[2018-05-09 21:13:12] INFO > #200: (housing/details/1) - [] - {"url":"/beyoot/housing/details/1","ip":"::1","http_method":"GET","server":"localhost","referrer":"http://localhost/beyoot/housing","uid":"59fe6a8"}
[2018-05-09 21:13:12] WARNING > #404: (uploads/img/thumbs/26-04-2018-b26afc9-1499535840.3220503.jpg) - [] - {"url":"/beyoot/uploads/img/thumbs/26-04-2018-b26afc9-1499535840.3220503.jpg","ip":"::1","http_method":"GET","server":"localhost","referrer":"http://localhost/beyoot/housing/details/1","uid":"576a88e"}
[2018-05-09 21:13:12] WARNING > #404: (uploads/img/thumbs/26-04-2018-c442037-bosnia-tourism.jpg) - [] - {"url":"/beyoot/uploads/img/thumbs/26-04-2018-c442037-bosnia-tourism.jpg","ip":"::1","http_method":"GET","server":"localhost","referrer":"http://localhost/beyoot/housing/details/1","uid":"09e2bd3"}
[2018-05-09 21:13:12] WARNING > #404: (uploads/img/thumbs/26-04-2018-6f373db-desc.png) - [] - {"url":"/beyoot/uploads/img/thumbs/26-04-2018-6f373db-desc.png","ip":"::1","http_method":"GET","server":"localhost","referrer":"http://localhost/beyoot/housing/details/1","uid":"f3bea08"}
[2018-05-09 21:13:12] WARNING > #404: (uploads/img/thumbs/26-04-2018-f127e19-desc2.png) - [] - {"url":"/beyoot/uploads/img/thumbs/26-04-2018-f127e19-desc2.png","ip":"::1","http_method":"GET","server":"localhost","referrer":"http://localhost/beyoot/housing/details/1","uid":"b07b8fa"}
[2018-05-09 21:13:12] WARNING > #404: (uploads/img/thumbs/26-04-2018-5a72122-image.png) - [] - {"url":"/beyoot/uploads/img/thumbs/26-04-2018-5a72122-image.png","ip":"::1","http_method":"GET","server":"localhost","referrer":"http://localhost/beyoot/housing/details/1","uid":"b6974eb"}
[2018-05-09 21:13:12] WARNING > #404: (uploads/img/thumbs/26-04-2018-ec5988a-image2.png) - [] - {"url":"/beyoot/uploads/img/thumbs/26-04-2018-ec5988a-image2.png","ip":"::1","http_method":"GET","server":"localhost","referrer":"http://localhost/beyoot/housing/details/1","uid":"debe1ab"}
[2018-05-09 21:13:12] WARNING > #404: (uploads/img/thumbs/26-04-2018-7f68505-image1.png) - [] - {"url":"/beyoot/uploads/img/thumbs/26-04-2018-7f68505-image1.png","ip":"::1","http_method":"GET","server":"localhost","referrer":"http://localhost/beyoot/housing/details/1","uid":"318ebe7"}
[2018-05-09 21:13:12] WARNING > #404: (uploads/img/thumbs/26-04-2018-a27a169-image3.png) - [] - {"url":"/beyoot/uploads/img/thumbs/26-04-2018-a27a169-image3.png","ip":"::1","http_method":"GET","server":"localhost","referrer":"http://localhost/beyoot/housing/details/1","uid":"225613f"}
[2018-05-09 21:13:12] WARNING > #404: (uploads/img/thumbs/26-04-2018-a3f2012-image4.png) - [] - {"url":"/beyoot/uploads/img/thumbs/26-04-2018-a3f2012-image4.png","ip":"::1","http_method":"GET","server":"localhost","referrer":"http://localhost/beyoot/housing/details/1","uid":"9666f0e"}
[2018-05-09 21:13:12] WARNING > #404: (uploads/img/thumbs/26-04-2018-8b8221e-image5.png) - [] - {"url":"/beyoot/uploads/img/thumbs/26-04-2018-8b8221e-image5.png","ip":"::1","http_method":"GET","server":"localhost","referrer":"http://localhost/beyoot/housing/details/1","uid":"a2df694"}
[2018-05-09 21:13:12] WARNING > #404: (uploads/img/thumbs/26-04-2018-8ea5938-project2.png) - [] - {"url":"/beyoot/uploads/img/thumbs/26-04-2018-8ea5938-project2.png","ip":"::1","http_method":"GET","server":"localhost","referrer":"http://localhost/beyoot/housing/details/1","uid":"0da1318"}
[2018-05-09 21:13:13] WARNING > #404: (uploads/img/thumbs/26-04-2018-8b73334-project3.png) - [] - {"url":"/beyoot/uploads/img/thumbs/26-04-2018-8b73334-project3.png","ip":"::1","http_method":"GET","server":"localhost","referrer":"http://localhost/beyoot/housing/details/1","uid":"c1204aa"}
[2018-05-09 21:13:13] WARNING > #404: (uploads/img/thumbs/26-04-2018-e424c7f-rainbow.jpg) - [] - {"url":"/beyoot/uploads/img/thumbs/26-04-2018-e424c7f-rainbow.jpg","ip":"::1","http_method":"GET","server":"localhost","referrer":"http://localhost/beyoot/housing/details/1","uid":"560cbf3"}
[2018-05-09 21:13:14] INFO > #200: (housing/details/1) - [] - {"url":"/beyoot/housing/details/1","ip":"::1","http_method":"GET","server":"localhost","referrer":null,"uid":"e641e88"}
[2018-05-09 21:13:34] INFO > #200: (contact/send) - [] - {"url":"/beyoot/contact/send","ip":"::1","http_method":"POST","server":"localhost","referrer":"http://localhost/beyoot/projects","uid":"598a2d1"}
[2018-05-09 21:13:51] INFO > #200: (housing) - [] - {"url":"/beyoot/housing","ip":"::1","http_method":"GET","server":"localhost","referrer":"http://localhost/beyoot/projects","uid":"e8c2dc4"}
[2018-05-09 21:13:52] WARNING > #404: (templates/frontend/assets/css/bootstrap.min.css.map) - [] - {"url":"/beyoot/templates/frontend/assets/css/bootstrap.min.css.map","ip":"::1","http_method":"GET","server":"localhost","referrer":null,"uid":"b87c08a"}
[2018-05-09 21:13:52] WARNING > #404: (templates/frontend/assets/js/jquery.min.map) - [] - {"url":"/beyoot/templates/frontend/assets/js/jquery.min.map","ip":"::1","http_method":"GET","server":"localhost","referrer":null,"uid":"2ee668e"}
[2018-05-09 21:13:55] INFO > #200: (housing/details/17) - [] - {"url":"/beyoot/housing/details/17","ip":"::1","http_method":"GET","server":"localhost","referrer":"http://localhost/beyoot/housing","uid":"fcca980"}
[2018-05-09 21:13:56] WARNING > #404: (templates/frontend/assets/css/bootstrap.min.css.map) - [] - {"url":"/beyoot/templates/frontend/assets/css/bootstrap.min.css.map","ip":"::1","http_method":"GET","server":"localhost","referrer":null,"uid":"f1a02e4"}
[2018-05-09 21:13:56] WARNING > #404: (templates/frontend/assets/js/jquery.min.map) - [] - {"url":"/beyoot/templates/frontend/assets/js/jquery.min.map","ip":"::1","http_method":"GET","server":"localhost","referrer":null,"uid":"59e608f"}
[2018-05-09 21:13:58] INFO > #200: (housing/details/12) - [] - {"url":"/beyoot/housing/details/12","ip":"::1","http_method":"GET","server":"localhost","referrer":null,"uid":"3e5a096"}
[2018-05-09 21:13:59] WARNING > #404: (templates/frontend/assets/css/bootstrap.min.css.map) - [] - {"url":"/beyoot/templates/frontend/assets/css/bootstrap.min.css.map","ip":"::1","http_method":"GET","server":"localhost","referrer":null,"uid":"b0deb16"}
[2018-05-09 21:13:59] WARNING > #404: (templates/frontend/assets/js/jquery.min.map) - [] - {"url":"/beyoot/templates/frontend/assets/js/jquery.min.map","ip":"::1","http_method":"GET","server":"localhost","referrer":null,"uid":"b4b1b1d"}
[2018-05-09 21:14:09] INFO > #200: (contact/send) - [] - {"url":"/beyoot/contact/send","ip":"::1","http_method":"POST","server":"localhost","referrer":"http://localhost/beyoot/housing/details/12","uid":"06ae2d8"}
[2018-05-09 21:14:24] INFO > #200: (housing/details/12) - [] - {"url":"/beyoot/housing/details/12","ip":"::1","http_method":"GET","server":"localhost","referrer":null,"uid":"918dba9"}
[2018-05-09 21:14:27] WARNING > #404: (templates/frontend/assets/css/bootstrap.min.css.map) - [] - {"url":"/beyoot/templates/frontend/assets/css/bootstrap.min.css.map","ip":"::1","http_method":"GET","server":"localhost","referrer":null,"uid":"acd46b2"}
[2018-05-09 21:14:28] WARNING > #404: (templates/frontend/assets/js/jquery.min.map) - [] - {"url":"/beyoot/templates/frontend/assets/js/jquery.min.map","ip":"::1","http_method":"GET","server":"localhost","referrer":null,"uid":"a58f578"}
[2018-05-09 21:14:44] INFO > #200: (housing/details/12) - [] - {"url":"/beyoot/housing/details/12","ip":"::1","http_method":"GET","server":"localhost","referrer":null,"uid":"3a39b05"}
[2018-05-09 21:14:47] WARNING > #404: (templates/frontend/assets/js/jquery.min.map) - [] - {"url":"/beyoot/templates/frontend/assets/js/jquery.min.map","ip":"::1","http_method":"GET","server":"localhost","referrer":null,"uid":"4bd5255"}
[2018-05-09 21:14:47] WARNING > #404: (templates/frontend/assets/css/bootstrap.min.css.map) - [] - {"url":"/beyoot/templates/frontend/assets/css/bootstrap.min.css.map","ip":"::1","http_method":"GET","server":"localhost","referrer":null,"uid":"0de2371"}
[2018-05-09 21:15:12] INFO > #200: (contact/send) - [] - {"url":"/beyoot/contact/send","ip":"::1","http_method":"POST","server":"localhost","referrer":"http://localhost/beyoot/housing/details/12","uid":"427eb5b"}
[2018-05-09 21:15:26] INFO > #200: (projects) - [] - {"url":"/beyoot/projects","ip":"::1","http_method":"GET","server":"localhost","referrer":"http://localhost/beyoot/housing/details/12","uid":"a6565cc"}
[2018-05-09 21:15:40] INFO > #200: (contact/send) - [] - {"url":"/beyoot/contact/send","ip":"::1","http_method":"POST","server":"localhost","referrer":"http://localhost/beyoot/projects","uid":"e2ad135"}
[2018-05-09 21:15:41] WARNING > #404: (templates/frontend/assets/js/jquery.min.map) - [] - {"url":"/beyoot/templates/frontend/assets/js/jquery.min.map","ip":"::1","http_method":"GET","server":"localhost","referrer":null,"uid":"238ee4e"}
[2018-05-09 21:15:41] WARNING > #404: (templates/frontend/assets/css/bootstrap.min.css.map) - [] - {"url":"/beyoot/templates/frontend/assets/css/bootstrap.min.css.map","ip":"::1","http_method":"GET","server":"localhost","referrer":null,"uid":"e1597d9"}
[2018-05-09 21:19:06] INFO > #200: (projects) - [] - {"url":"/beyoot/projects","ip":"::1","http_method":"GET","server":"localhost","referrer":"http://localhost/beyoot/housing/details/12","uid":"9d507e0"}
[2018-05-09 21:19:47] INFO > #200: (admin-panel/main) - [] - {"url":"/beyoot/admin-panel/main","ip":"::1","http_method":"GET","server":"localhost","referrer":null,"uid":"b78835f"}
[2018-05-09 21:19:49] INFO > #200: (admin-panel/housing) - [] - {"url":"/beyoot/admin-panel/housing","ip":"::1","http_method":"GET","server":"localhost","referrer":"http://localhost/beyoot/admin-panel/main","uid":"b335c58"}
[2018-05-09 21:19:51] INFO > #200: (admin-panel/housing/add) - [] - {"url":"/beyoot/admin-panel/housing/add","ip":"::1","http_method":"GET","server":"localhost","referrer":"http://localhost/beyoot/admin-panel/housing","uid":"d4c9d1a"}
[2018-05-09 21:19:57] INFO > #200: (admin-panel/project) - [] - {"url":"/beyoot/admin-panel/project","ip":"::1","http_method":"GET","server":"localhost","referrer":"http://localhost/beyoot/admin-panel/housing/add","uid":"cb20cec"}
[2018-05-09 21:19:59] INFO > #200: (admin-panel/project/show/1) - [] - {"url":"/beyoot/admin-panel/project/show/1","ip":"::1","http_method":"GET","server":"localhost","referrer":"http://localhost/beyoot/admin-panel/project","uid":"13fa976"}
[2018-05-09 21:20:00] INFO > #200: (admin-panel/project) - [] - {"url":"/beyoot/admin-panel/project","ip":"::1","http_method":"GET","server":"localhost","referrer":"http://localhost/beyoot/admin-panel/project/show/1","uid":"bb54ee2"}
[2018-05-09 21:20:04] INFO > #200: (admin-panel/project) - [] - {"url":"/beyoot/admin-panel/project","ip":"::1","http_method":"GET","server":"localhost","referrer":"http://localhost/beyoot/admin-panel/housing/add","uid":"306b36c"}
[2018-05-09 21:20:06] INFO > #200: (admin-panel/project/edit/1) - [] - {"url":"/beyoot/admin-panel/project/edit/1","ip":"::1","http_method":"GET","server":"localhost","referrer":"http://localhost/beyoot/admin-panel/project","uid":"cd25d1e"}
[2018-05-09 21:20:06] INFO > #200: (admin-panel/project) - [] - {"url":"/beyoot/admin-panel/project","ip":"::1","http_method":"GET","server":"localhost","referrer":"http://localhost/beyoot/admin-panel/project/edit/1","uid":"e58603e"}
[2018-05-09 21:20:09] INFO > #200: (admin-panel/project) - [] - {"url":"/beyoot/admin-panel/project","ip":"::1","http_method":"GET","server":"localhost","referrer":"http://localhost/beyoot/admin-panel/housing/add","uid":"2f42fc7"}
[2018-05-09 21:20:10] INFO > #200: (admin-panel/project/add) - [] - {"url":"/beyoot/admin-panel/project/add","ip":"::1","http_method":"GET","server":"localhost","referrer":"http://localhost/beyoot/admin-panel/project","uid":"76fb85d"}
[2018-05-09 21:20:11] WARNING > #404: (admin-panel/project/favicon.ico) - [] - {"url":"/beyoot/admin-panel/project/favicon.ico","ip":"::1","http_method":"GET","server":"localhost","referrer":"http://localhost/beyoot/admin-panel/project/add","uid":"0834aad"}
[2018-05-09 21:20:13] INFO > #200: (admin-panel/project) - [] - {"url":"/beyoot/admin-panel/project","ip":"::1","http_method":"GET","server":"localhost","referrer":"http://localhost/beyoot/admin-panel/housing/add","uid":"8722bef"}
[2018-05-09 21:23:42] INFO > #200: (admin-panel/project) - [] - {"url":"/beyoot/admin-panel/project","ip":"::1","http_method":"GET","server":"localhost","referrer":"http://localhost/beyoot/admin-panel/project","uid":"b5f9348"}
[2018-05-09 21:23:45] INFO > #200: (admin-panel/project/show/1) - [] - {"url":"/beyoot/admin-panel/project/show/1","ip":"::1","http_method":"GET","server":"localhost","referrer":"http://localhost/beyoot/admin-panel/project","uid":"90a6b24"}
[2018-05-09 21:23:46] INFO > #200: (admin-panel/project) - [] - {"url":"/beyoot/admin-panel/project","ip":"::1","http_method":"GET","server":"localhost","referrer":"http://localhost/beyoot/admin-panel/project/show/1","uid":"8538ada"}
[2018-05-09 21:23:58] INFO > #200: (admin-panel/project/show/1) - [] - {"url":"/beyoot/admin-panel/project/show/1","ip":"::1","http_method":"GET","server":"localhost","referrer":"http://localhost/beyoot/admin-panel/project","uid":"4727daf"}
[2018-05-09 21:23:59] INFO > #200: (admin-panel/project) - [] - {"url":"/beyoot/admin-panel/project","ip":"::1","http_method":"GET","server":"localhost","referrer":"http://localhost/beyoot/admin-panel/project/show/1","uid":"6200f91"}
[2018-05-09 21:24:58] INFO > #200: (admin-panel/project/edit/1) - [] - {"url":"/beyoot/admin-panel/project/edit/1","ip":"::1","http_method":"GET","server":"localhost","referrer":null,"uid":"3416ee3"}
[2018-05-09 21:25:01] INFO > #200: (admin-panel/project) - [] - {"url":"/beyoot/admin-panel/project","ip":"::1","http_method":"GET","server":"localhost","referrer":"http://localhost/beyoot/admin-panel/project/edit/1","uid":"8a580a5"}
[2018-05-09 21:25:45] INFO > #200: (admin-panel/project/edit/1) - [] - {"url":"/beyoot/admin-panel/project/edit/1","ip":"::1","http_method":"GET","server":"localhost","referrer":null,"uid":"18483d9"}
[2018-05-09 21:25:46] INFO > #200: (admin-panel/project) - [] - {"url":"/beyoot/admin-panel/project","ip":"::1","http_method":"GET","server":"localhost","referrer":"http://localhost/beyoot/admin-panel/project/edit/1","uid":"e2465a1"}
[2018-05-09 21:26:57] INFO > #200: (admin-panel/project) - [] - {"url":"/beyoot/admin-panel/project","ip":"::1","http_method":"GET","server":"localhost","referrer":"http://localhost/beyoot/admin-panel/project/edit/1","uid":"e0cd05d"}
[2018-05-09 21:27:00] INFO > #200: (admin-panel/project/add) - [] - {"url":"/beyoot/admin-panel/project/add","ip":"::1","http_method":"GET","server":"localhost","referrer":"http://localhost/beyoot/admin-panel/project","uid":"e0864f0"}
[2018-05-09 21:29:39] INFO > #200: (admin-panel/main) - [] - {"url":"/beyoot/admin-panel/main","ip":"::1","http_method":"GET","server":"localhost","referrer":null,"uid":"c5811d9"}
[2018-05-09 21:29:40] WARNING > #404: (templates/backend/assets/global/plugins/datatables/pdfmake.min.js.map) - [] - {"url":"/beyoot/templates/backend/assets/global/plugins/datatables/pdfmake.min.js.map","ip":"::1","http_method":"GET","server":"localhost","referrer":null,"uid":"452e16d"}
[2018-05-09 21:29:43] INFO > #200: (admin-panel/contact/projects) - [] - {"url":"/beyoot/admin-panel/contact/projects","ip":"::1","http_method":"GET","server":"localhost","referrer":"http://localhost/beyoot/admin-panel/main","uid":"36847a1"}
[2018-05-09 21:29:43] WARNING > #404: (admin-panel/contact/favicon.ico) - [] - {"url":"/beyoot/admin-panel/contact/favicon.ico","ip":"::1","http_method":"GET","server":"localhost","referrer":"http://localhost/beyoot/admin-panel/contact/projects","uid":"20ce264"}
[2018-05-09 21:30:12] INFO > #200: (admin-panel/contact) - [] - {"url":"/beyoot/admin-panel/contact","ip":"::1","http_method":"GET","server":"localhost","referrer":"http://localhost/beyoot/admin-panel/contact/projects","uid":"b4ca68c"}
[2018-05-09 21:35:25] INFO > #200: (user/reg) - [] - {"url":"/beyoot/user/reg","ip":"::1","http_method":"POST","server":"localhost","referrer":"http://beyoot.4art-studio.com/","uid":"dc886df"}
[2018-05-09 21:35:28] INFO > #200: (user/reg) - [] - {"url":"/beyoot/user/reg","ip":"::1","http_method":"POST","server":"localhost","referrer":"http://beyoot.4art-studio.com/","uid":"135c108"}
[2018-05-09 21:35:33] INFO > #200: (user/reg) - [] - {"url":"/beyoot/user/reg","ip":"::1","http_method":"POST","server":"localhost","referrer":"http://beyoot.4art-studio.com/","uid":"9ce3cdb"}
[2018-05-09 21:35:44] INFO > #200: (user/reg) - [] - {"url":"/beyoot/user/reg","ip":"::1","http_method":"POST","server":"localhost","referrer":"http://beyoot.4art-studio.com/","uid":"aad431d"}
[2018-05-09 21:38:20] INFO > #200: (user/reg) - [] - {"url":"/beyoot/user/reg","ip":"::1","http_method":"POST","server":"localhost","referrer":"http://beyoot.4art-studio.com/","uid":"d0dcc92"}
[2018-05-09 21:40:57] INFO > #200: (housing/details/12) - [] - {"url":"/beyoot/housing/details/12","ip":"::1","http_method":"GET","server":"localhost","referrer":null,"uid":"5a95a7b"}
[2018-05-09 21:44:51] INFO > #200: (housing/details/12) - [] - {"url":"/beyoot/housing/details/12","ip":"::1","http_method":"GET","server":"localhost","referrer":null,"uid":"36d2a4f"}
[2018-05-09 21:44:54] WARNING > #404: (templates/frontend/assets/js/jquery.min.map) - [] - {"url":"/beyoot/templates/frontend/assets/js/jquery.min.map","ip":"::1","http_method":"GET","server":"localhost","referrer":null,"uid":"f1e87fc"}
[2018-05-09 21:44:54] WARNING > #404: (templates/frontend/assets/css/bootstrap.min.css.map) - [] - {"url":"/beyoot/templates/frontend/assets/css/bootstrap.min.css.map","ip":"::1","http_method":"GET","server":"localhost","referrer":null,"uid":"217b7e7"}
[2018-05-09 21:55:13] INFO > #200: (admin-panel/housing_additions) - [] - {"url":"/beyoot/admin-panel/housing_additions","ip":"::1","http_method":"GET","server":"localhost","referrer":"http://localhost/beyoot/admin-panel/contact","uid":"0a6d029"}
[2018-05-09 21:55:14] WARNING > #404: (admin-panel/favicon.ico) - [] - {"url":"/beyoot/admin-panel/favicon.ico","ip":"::1","http_method":"GET","server":"localhost","referrer":"http://localhost/beyoot/admin-panel/housing_additions","uid":"e603595"}
[2018-05-09 21:55:17] INFO > #200: (admin-panel/housing_types) - [] - {"url":"/beyoot/admin-panel/housing_types","ip":"::1","http_method":"GET","server":"localhost","referrer":"http://localhost/beyoot/admin-panel/housing_additions","uid":"0017347"}
[2018-05-09 21:55:18] INFO > #200: (admin-panel/users) - [] - {"url":"/beyoot/admin-panel/users","ip":"::1","http_method":"GET","server":"localhost","referrer":"http://localhost/beyoot/admin-panel/housing_types","uid":"a8a2dbd"}
[2018-05-09 21:55:20] INFO > #200: (admin-panel/housing) - [] - {"url":"/beyoot/admin-panel/housing","ip":"::1","http_method":"GET","server":"localhost","referrer":"http://localhost/beyoot/admin-panel/users","uid":"217c1c3"}
[2018-05-09 21:55:22] INFO > #200: (admin-panel/housing/add) - [] - {"url":"/beyoot/admin-panel/housing/add","ip":"::1","http_method":"GET","server":"localhost","referrer":"http://localhost/beyoot/admin-panel/housing","uid":"159cabb"}
[2018-05-09 21:55:24] WARNING > #404: (admin-panel/housing/favicon.ico) - [] - {"url":"/beyoot/admin-panel/housing/favicon.ico","ip":"::1","http_method":"GET","server":"localhost","referrer":"http://localhost/beyoot/admin-panel/housing/add","uid":"721a2a6"}
